[0921/123133.774:ERROR:process_reader_win.cc(155)] SuspendThread: Access is denied. (0x5)
[0921/123133.780:ERROR:process_reader_win.cc(127)] NtOpenThread: {Access Denied} A process has requested access to an object, but has not been granted those access rights. (0xc0000022)
[0921/123133.782:ERROR:exception_snapshot_win.cc(100)] thread ID 21672 not found in process
[0928/214206.640:ERROR:process_reader_win.cc(127)] NtOpenThread: {Access Denied} A process has requested access to an object, but has not been granted those access rights. (0xc0000022)
[0928/214206.656:ERROR:exception_snapshot_win.cc(100)] thread ID 6172 not found in process
[0929/112717.724:ERROR:process_reader_win.cc(155)] SuspendThread: Access is denied. (0x5)
[0929/112718.028:ERROR:process_reader_win.cc(155)] SuspendThread: Access is denied. (0x5)
[0929/112718.028:ERROR:process_reader_win.cc(155)] SuspendThread: Access is denied. (0x5)
[0929/112718.028:ERROR:process_reader_win.cc(155)] SuspendThread: Access is denied. (0x5)
[0929/112718.028:ERROR:process_reader_win.cc(155)] SuspendThread: Access is denied. (0x5)
[0929/112718.028:ERROR:process_reader_win.cc(155)] SuspendThread: Access is denied. (0x5)
[0929/112718.028:ERROR:process_reader_win.cc(155)] SuspendThread: Access is denied. (0x5)
[0929/112718.028:ERROR:process_reader_win.cc(155)] SuspendThread: Access is denied. (0x5)
[0929/112718.028:ERROR:process_reader_win.cc(155)] SuspendThread: Access is denied. (0x5)
[0929/112718.028:ERROR:process_reader_win.cc(155)] SuspendThread: Access is denied. (0x5)
[0929/112718.028:ERROR:process_reader_win.cc(155)] SuspendThread: Access is denied. (0x5)
[0929/112718.028:ERROR:process_reader_win.cc(155)] SuspendThread: Access is denied. (0x5)
[0929/112718.028:ERROR:process_reader_win.cc(155)] SuspendThread: Access is denied. (0x5)
[0929/112718.028:ERROR:process_reader_win.cc(155)] SuspendThread: Access is denied. (0x5)
[0929/112718.028:ERROR:process_reader_win.cc(127)] NtOpenThread: {Access Denied} A process has requested access to an object, but has not been granted those access rights. (0xc0000022)
[0929/112718.032:ERROR:exception_snapshot_win.cc(100)] thread ID 4120 not found in process
[1012/045538.306:ERROR:directory_reader_win.cc(43)] FindFirstFile: The system cannot find the path specified. (0x3)
[1012/074246.544:ERROR:directory_reader_win.cc(43)] FindFirstFile: The system cannot find the path specified. (0x3)
[1012/081720.151:ERROR:directory_reader_win.cc(43)] FindFirstFile: The system cannot find the path specified. (0x3)
[1012/160615.877:ERROR:directory_reader_win.cc(43)] FindFirstFile: The system cannot find the path specified. (0x3)
[1012/205252.001:ERROR:directory_reader_win.cc(43)] FindFirstFile: The system cannot find the path specified. (0x3)
[1013/074337.986:ERROR:directory_reader_win.cc(43)] FindFirstFile: The system cannot find the path specified. (0x3)
[1013/210754.685:ERROR:filesystem_win.cc(129)] GetFileAttributes C:\Users\Donatus\AppData\Local\Microsoft\Edge\User Data\Crashpad\attachments\f5d74649-e83a-4dba-a36c-1e3352cd9173: The system cannot find the path specified. (0x3)
[1013/210754.715:ERROR:directory_reader_win.cc(43)] FindFirstFile: The system cannot find the path specified. (0x3)
[1014/002349.202:ERROR:directory_reader_win.cc(43)] FindFirstFile: The system cannot find the path specified. (0x3)
[1014/111038.104:ERROR:directory_reader_win.cc(43)] FindFirstFile: The system cannot find the path specified. (0x3)
[1014/130944.030:ERROR:directory_reader_win.cc(43)] FindFirstFile: The system cannot find the path specified. (0x3)
[1015/150636.969:ERROR:directory_reader_win.cc(43)] FindFirstFile: The system cannot find the path specified. (0x3)
[1017/131912.786:ERROR:directory_reader_win.cc(43)] FindFirstFile: The system cannot find the path specified. (0x3)
[1017/182722.246:ERROR:directory_reader_win.cc(43)] FindFirstFile: The system cannot find the path specified. (0x3)
